
ROM used:   188/8192 (2%)
            188/8192 (2%) including unused fragments

            0.3 Average locations per line
            10.4 Average locations per statement

RAM used:   8/368 (2%) at main() level
            12/368 (3%) worst case

Stack used: 0 worst case (0 in main + 0 for interrupts)
Stack size: 8

Lines Stmts  %   Files
----- ----- ---  -----
   62    18 100  HC05.c
  684     0   0  ..\..\..\..\..\Program Files\PICC\Devices\16F877A.h
----- -----
  746    18 Total

Page ROM  %  RAM    Vol Diff  Functions:
---- --- --- ---    --- ----  ----------
0     81  43    1    410  4.5  main
0      7   4    0    328  2.7  @const642
0     88  47    4    165  3.3  @PSTRINGC7_9600_62_63
0      8   4    0    319  4.1  @const647
 Inline         0    275  3.9  @cinit1

Program metrics:
    Functions               5
    Statements              18
    Comments                150
    Volume (V)              2163
    Difficulty (D)          18.5
    Effort to implement (E) 39983
    Time to implement (T)   37 minutes
    Est Delivered Bugs (B)  0
    Cyclomatic Complexity   9
    Maintainability (MI)    159

 Segment     Used  Free
-----------  ----  ----
00000-00003     4  0  
00004-007FF   184  1860  
00800-00FFF     0  2048  
01000-017FF     0  2048  
01800-01FFF     0  2048  



